<?xml version="1.0" encoding="UTF-8"?>
<testng-results ignored="0" total="1" passed="1" failed="0" skipped="0">
  <reporter-output>
  </reporter-output>
  <suite started-at="2022-06-14T17:49:44 EDT" name="Default suite" finished-at="2022-06-14T17:49:55 EDT" duration-ms="11298">
    <groups>
    </groups>
    <test started-at="2022-06-14T17:49:44 EDT" name="Default test" finished-at="2022-06-14T17:49:55 EDT" duration-ms="11298">
      <class name="testCases.RegisterTest">
        <test-method is-config="true" signature="setup()[pri:0, instance:testCases.RegisterTest@6cf0e0ba]" started-at="2022-06-14T17:49:44 EDT" name="setup" finished-at="2022-06-14T17:49:46 EDT" duration-ms="1889" status="PASS">
          <reporter-output>
          </reporter-output>
        </test-method> <!-- setup -->
        <test-method signature="register()[pri:0, instance:testCases.RegisterTest@6cf0e0ba]" started-at="2022-06-14T17:49:46 EDT" name="register" finished-at="2022-06-14T17:49:55 EDT" duration-ms="9146" status="PASS">
          <reporter-output>
          </reporter-output>
        </test-method> <!-- register -->
        <test-method is-config="true" signature="teardown()[pri:0, instance:testCases.RegisterTest@6cf0e0ba]" started-at="2022-06-14T17:49:55 EDT" name="teardown" finished-at="2022-06-14T17:49:55 EDT" duration-ms="223" status="PASS">
          <reporter-output>
          </reporter-output>
        </test-method> <!-- teardown -->
      </class> <!-- testCases.RegisterTest -->
    </test> <!-- Default test -->
  </suite> <!-- Default suite -->
</testng-results>
